0 info it worked if it ends with ok
1 verbose cli [ '/usr/local/Cellar/node/9.3.0_1/bin/node',
1 verbose cli   '/usr/local/bin/npm',
1 verbose cli   'publish',
1 verbose cli   '--access=public' ]
2 info using npm@3.10.10
3 info using node@v6.11.5
4 verbose publish [ '.' ]
5 silly cache add args [ '.', null ]
6 verbose cache add spec .
7 silly cache add parsed spec Result {
7 silly cache add   raw: '.',
7 silly cache add   scope: null,
7 silly cache add   escapedName: null,
7 silly cache add   name: null,
7 silly cache add   rawSpec: '.',
7 silly cache add   spec: '/Users/medineshkatwal/Documents/npmlibrary',
7 silly cache add   type: 'directory' }
8 verbose addLocalDirectory /Users/medineshkatwal/.npm/validator/0.1.0/package.tgz not in flight; packing
9 verbose correctMkdir /Users/medineshkatwal/.npm correctMkdir not in flight; initializing
10 info lifecycle validator@0.1.0~prepublish: validator@0.1.0
11 silly lifecycle validator@0.1.0~prepublish: no script for prepublish, continuing
12 verbose tar pack [ '/Users/medineshkatwal/.npm/validator/0.1.0/package.tgz',
12 verbose tar pack   '/Users/medineshkatwal/Documents/npmlibrary' ]
13 verbose tarball /Users/medineshkatwal/.npm/validator/0.1.0/package.tgz
14 verbose folder /Users/medineshkatwal/Documents/npmlibrary
15 verbose addLocalTarball adding from inside cache /Users/medineshkatwal/.npm/validator/0.1.0/package.tgz
16 verbose correctMkdir /Users/medineshkatwal/.npm correctMkdir not in flight; initializing
17 silly cache afterAdd validator@0.1.0
18 verbose afterAdd /Users/medineshkatwal/.npm/validator/0.1.0/package/package.json not in flight; writing
19 verbose correctMkdir /Users/medineshkatwal/.npm correctMkdir not in flight; initializing
20 verbose afterAdd /Users/medineshkatwal/.npm/validator/0.1.0/package/package.json written
21 silly publish { name: 'validator',
21 silly publish   version: '0.1.0',
21 silly publish   description: 'Simple Inline validator or utility library for making developer life easier',
21 silly publish   main: 'index.js',
21 silly publish   scripts: { test: 'mocha --reporter spec' },
21 silly publish   keywords:
21 silly publish    [ 'Validator',
21 silly publish      'inline-validator',
21 silly publish      'react-validator',
21 silly publish      'react-native-validator' ],
21 silly publish   engines: { node: '>=4.2.4' },
21 silly publish   author:
21 silly publish    { name: '“Dinesh',
21 silly publish      email: '“medineshkatwal@gmail.com”',
21 silly publish      url: 'http://dineshkatwal.com.np' },
21 silly publish   license: 'ISC',
21 silly publish   devDependencies: { chai: '^4.1.2', mocha: '^5.0.5' },
21 silly publish   readme: 'Validator\n=========\n\nA small library that can validate Domain, Email, Text, PhoneNumber for now.\n\n## Installation\n\n## Usage\n\n\n## Tests\n\n  `npm test`\n\n## Contributing\n\n',
21 silly publish   readmeFilename: 'Readme.md',
21 silly publish   gitHead: 'a8fd7a2c54c57e109280844f578e55dc6d06558b',
21 silly publish   _id: 'validator@0.1.0',
21 silly publish   _shasum: 'ebf19fced31a2835a957af5e7cdeb3e7d00cccff',
21 silly publish   _from: '.' }
22 verbose getPublishConfig undefined
23 silly mapToRegistry name validator
24 silly mapToRegistry using default registry
25 silly mapToRegistry registry https://registry.npmjs.org/
26 silly mapToRegistry data Result {
26 silly mapToRegistry   raw: 'validator',
26 silly mapToRegistry   scope: null,
26 silly mapToRegistry   escapedName: 'validator',
26 silly mapToRegistry   name: 'validator',
26 silly mapToRegistry   rawSpec: '',
26 silly mapToRegistry   spec: 'latest',
26 silly mapToRegistry   type: 'tag' }
27 silly mapToRegistry uri https://registry.npmjs.org/validator
28 verbose publish registryBase https://registry.npmjs.org/
29 silly publish uploading /Users/medineshkatwal/.npm/validator/0.1.0/package.tgz
30 verbose request uri https://registry.npmjs.org/validator
31 verbose request sending authorization for write operation
32 info attempt registry request try #1 at 1:28:06 PM
33 verbose request using bearer token for auth
34 verbose request id b32840c5e647786f
35 http request PUT https://registry.npmjs.org/validator
36 http 403 https://registry.npmjs.org/validator
37 verbose headers { 'content-type': 'application/json',
37 verbose headers   'cache-control': 'max-age=300',
37 verbose headers   'content-length': '103',
37 verbose headers   'accept-ranges': 'bytes',
37 verbose headers   date: 'Thu, 12 Apr 2018 07:43:08 GMT',
37 verbose headers   via: '1.1 varnish',
37 verbose headers   connection: 'keep-alive',
37 verbose headers   'x-served-by': 'cache-lcy19247-LCY',
37 verbose headers   'x-cache': 'MISS',
37 verbose headers   'x-cache-hits': '0',
37 verbose headers   'x-timer': 'S1523518987.387500,VS0,VE772',
37 verbose headers   vary: 'Accept-Encoding, Accept' }
38 verbose request invalidating /Users/medineshkatwal/.npm/registry.npmjs.org/validator on PUT
39 error publish Failed PUT 403
40 verbose stack Error: You do not have permission to publish "validator". Are you logged in as the correct user? : validator
40 verbose stack     at makeError (/usr/local/lib/node_modules/npm/node_modules/npm-registry-client/lib/request.js:302:12)
40 verbose stack     at CachingRegistryClient.<anonymous> (/usr/local/lib/node_modules/npm/node_modules/npm-registry-client/lib/request.js:290:14)
40 verbose stack     at Request._callback (/usr/local/lib/node_modules/npm/node_modules/npm-registry-client/lib/request.js:210:14)
40 verbose stack     at Request.self.callback (/usr/local/lib/node_modules/npm/node_modules/request/request.js:187:22)
40 verbose stack     at emitTwo (events.js:106:13)
40 verbose stack     at Request.emit (events.js:191:7)
40 verbose stack     at Request.<anonymous> (/usr/local/lib/node_modules/npm/node_modules/request/request.js:1048:10)
40 verbose stack     at emitOne (events.js:96:13)
40 verbose stack     at Request.emit (events.js:188:7)
40 verbose stack     at IncomingMessage.<anonymous> (/usr/local/lib/node_modules/npm/node_modules/request/request.js:969:12)
41 verbose statusCode 403
42 verbose pkgid validator
43 verbose cwd /Users/medineshkatwal/Documents/npmlibrary
44 error Darwin 17.3.0
45 error argv "/usr/local/Cellar/node/9.3.0_1/bin/node" "/usr/local/bin/npm" "publish" "--access=public"
46 error node v6.11.5
47 error npm  v3.10.10
48 error code E403
49 error You do not have permission to publish "validator". Are you logged in as the correct user? : validator
50 error If you need help, you may report this error at:
50 error     <https://github.com/npm/npm/issues>
51 verbose exit [ 1, true ]
